-------------------------------------------------------------------------------
Test set: allureReports.Tests
-------------------------------------------------------------------------------
Tests run: 3, Failures: 1, Errors: 0, Skipped: 1, Time elapsed: 8.737 s <<< FAILURE! - in allureReports.Tests
loginTest(allureReports.Tests)  Time elapsed: 2.44 s  <<< FAILURE!
java.lang.AssertionError: expected [Shaik Wasim] but found [Shaik Wasim Akram]
	at allureReports.Tests.loginTest(Tests.java:64)

