<?xml version="1.0" encoding="UTF-8"?>
<testsuite xmlns:xsi="http://www.w3.org/2001/XMLSchema-instance" xsi:noNamespaceSchemaLocation="https://maven.apache.org/surefire/maven-surefire-plugin/xsd/surefire-test-report.xsd" name="allureReports.Tests" time="8.737" tests="3" errors="0" skipped="1" failures="1">
  <properties>
[...]
</properties>
  <testcase name="logoPresence" classname="allureReports.Tests" time="0.107"/>
  <testcase name="loginTest" classname="allureReports.Tests" time="2.44">
    <failure message="expected [Shaik Wasim] but found [Shaik Wasim Akram]" type="java.lang.AssertionError">java.lang.AssertionError: expected [Shaik Wasim] but found [Shaik Wasim Akram]
	at allureReports.Tests.loginTest(Tests.java:64)
</failure>
  </testcase>
  <testcase name="registrationTest" classname="allureReports.Tests" time="0">
    <skipped message="Skipping without test"/>
  </testcase>
</testsuite>